Detecting C [-std=c11] compiler features failed to compile with the following output:
Change Dir: /home/firsou/Desktop/SEM/Term 4/Project: Industrial IT/DIT168TeamGroup9/build/CMakeFiles/CMakeTmp

Run Build Command:"/usr/bin/make" "cmTC_1fa74/fast"
/usr/bin/make -f CMakeFiles/cmTC_1fa74.dir/build.make CMakeFiles/cmTC_1fa74.dir/build
make[1]: Entering directory '/home/firsou/Desktop/SEM/Term 4/Project: Industrial IT/DIT168TeamGroup9/build/CMakeFiles/CMakeTmp'
CMakeFiles/cmTC_1fa74.dir/build.make:64: *** target pattern contains no '%'.  Stop.
make[1]: Leaving directory '/home/firsou/Desktop/SEM/Term 4/Project: Industrial IT/DIT168TeamGroup9/build/CMakeFiles/CMakeTmp'
Makefile:126: recipe for target 'cmTC_1fa74/fast' failed
make: *** [cmTC_1fa74/fast] Error 2



Detecting CXX [-std=c++1z] compiler features failed to compile with the following output:
Change Dir: /home/firsou/Desktop/SEM/Term 4/Project: Industrial IT/DIT168TeamGroup9/build/CMakeFiles/CMakeTmp

Run Build Command:"/usr/bin/make" "cmTC_37f63/fast"
/usr/bin/make -f CMakeFiles/cmTC_37f63.dir/build.make CMakeFiles/cmTC_37f63.dir/build
make[1]: Entering directory '/home/firsou/Desktop/SEM/Term 4/Project: Industrial IT/DIT168TeamGroup9/build/CMakeFiles/CMakeTmp'
CMakeFiles/cmTC_37f63.dir/build.make:64: *** target pattern contains no '%'.  Stop.
make[1]: Leaving directory '/home/firsou/Desktop/SEM/Term 4/Project: Industrial IT/DIT168TeamGroup9/build/CMakeFiles/CMakeTmp'
Makefile:126: recipe for target 'cmTC_37f63/fast' failed
make: *** [cmTC_37f63/fast] Error 2



Determining if the pthread_create exist failed with the following output:
Change Dir: /home/firsou/Desktop/SEM/Term 4/Project: Industrial IT/DIT168TeamGroup9/build/CMakeFiles/CMakeTmp

Run Build Command:"/usr/bin/make" "cmTC_91480/fast"
/usr/bin/make -f CMakeFiles/cmTC_91480.dir/build.make CMakeFiles/cmTC_91480.dir/build
make[1]: Entering directory '/home/firsou/Desktop/SEM/Term 4/Project: Industrial IT/DIT168TeamGroup9/build/CMakeFiles/CMakeTmp'
Building C object CMakeFiles/cmTC_91480.dir/CheckSymbolExists.c.o
/usr/bin/cc    -o CMakeFiles/cmTC_91480.dir/CheckSymbolExists.c.o   -c "/home/firsou/Desktop/SEM/Term 4/Project: Industrial IT/DIT168TeamGroup9/build/CMakeFiles/CMakeTmp/CheckSymbolExists.c"
Linking C executable cmTC_91480
/usr/bin/cmake -E cmake_link_script CMakeFiles/cmTC_91480.dir/link.txt --verbose=1
/usr/bin/cc      -rdynamic CMakeFiles/cmTC_91480.dir/CheckSymbolExists.c.o  -o cmTC_91480 
CMakeFiles/cmTC_91480.dir/CheckSymbolExists.c.o: In function `main':
CheckSymbolExists.c:(.text+0x1b): undefined reference to `pthread_create'
collect2: error: ld returned 1 exit status
CMakeFiles/cmTC_91480.dir/build.make:97: recipe for target 'cmTC_91480' failed
make[1]: *** [cmTC_91480] Error 1
make[1]: Leaving directory '/home/firsou/Desktop/SEM/Term 4/Project: Industrial IT/DIT168TeamGroup9/build/CMakeFiles/CMakeTmp'
Makefile:126: recipe for target 'cmTC_91480/fast' failed
make: *** [cmTC_91480/fast] Error 2

File /home/firsou/Desktop/SEM/Term 4/Project: Industrial IT/DIT168TeamGroup9/build/CMakeFiles/CMakeTmp/CheckSymbolExists.c:
/* */
#include <pthread.h>

int main(int argc, char** argv)
{
  (void)argv;
#ifndef pthread_create
  return ((int*)(&pthread_create))[argc];
#else
  (void)argc;
  return 0;
#endif
}

Determining if the function pthread_create exists in the pthreads failed with the following output:
Change Dir: /home/firsou/Desktop/SEM/Term 4/Project: Industrial IT/DIT168TeamGroup9/build/CMakeFiles/CMakeTmp

Run Build Command:"/usr/bin/make" "cmTC_c97bd/fast"
/usr/bin/make -f CMakeFiles/cmTC_c97bd.dir/build.make CMakeFiles/cmTC_c97bd.dir/build
make[1]: Entering directory '/home/firsou/Desktop/SEM/Term 4/Project: Industrial IT/DIT168TeamGroup9/build/CMakeFiles/CMakeTmp'
Building C object CMakeFiles/cmTC_c97bd.dir/CheckFunctionExists.c.o
/usr/bin/cc   -DCHECK_FUNCTION_EXISTS=pthread_create   -o CMakeFiles/cmTC_c97bd.dir/CheckFunctionExists.c.o   -c /usr/share/cmake-3.9/Modules/CheckFunctionExists.c
Linking C executable cmTC_c97bd
/usr/bin/cmake -E cmake_link_script CMakeFiles/cmTC_c97bd.dir/link.txt --verbose=1
/usr/bin/cc  -DCHECK_FUNCTION_EXISTS=pthread_create    -rdynamic CMakeFiles/cmTC_c97bd.dir/CheckFunctionExists.c.o  -o cmTC_c97bd -lpthreads 
/usr/bin/ld: cannot find -lpthreads
collect2: error: ld returned 1 exit status
CMakeFiles/cmTC_c97bd.dir/build.make:97: recipe for target 'cmTC_c97bd' failed
make[1]: *** [cmTC_c97bd] Error 1
make[1]: Leaving directory '/home/firsou/Desktop/SEM/Term 4/Project: Industrial IT/DIT168TeamGroup9/build/CMakeFiles/CMakeTmp'
Makefile:126: recipe for target 'cmTC_c97bd/fast' failed
make: *** [cmTC_c97bd/fast] Error 2


